TN:
SF:src/ejercicio-PE101/mochila.ts
FN:7,<instance_members_initializer>
FN:23,setBeforeHook
FN:31,setAfterHook
FN:40,procesar
FN:59,leerArchivo
FN:75,parseCSV
FN:94,extraerDatos
FNF:7
FNH:7
FNDA:2,<instance_members_initializer>
FNDA:2,setBeforeHook
FNDA:2,setAfterHook
FNDA:2,procesar
FNDA:2,leerArchivo
FNDA:1,parseCSV
FNDA:2,extraerDatos
DA:1,1
DA:2,1
DA:3,1
DA:4,1
DA:5,1
DA:6,1
DA:7,1
DA:8,2
DA:9,2
DA:10,2
DA:11,2
DA:12,2
DA:13,2
DA:14,2
DA:15,2
DA:16,2
DA:17,2
DA:18,2
DA:19,2
DA:20,2
DA:21,2
DA:22,2
DA:23,2
DA:24,2
DA:25,2
DA:26,2
DA:27,2
DA:28,2
DA:29,2
DA:30,2
DA:31,2
DA:32,2
DA:33,2
DA:34,2
DA:35,2
DA:36,2
DA:37,2
DA:38,2
DA:39,2
DA:40,2
DA:41,2
DA:42,2
DA:43,2
DA:44,2
DA:45,2
DA:46,2
DA:47,2
DA:48,2
DA:49,2
DA:50,2
DA:51,2
DA:52,2
DA:53,2
DA:54,2
DA:55,2
DA:56,2
DA:57,2
DA:58,2
DA:59,2
DA:60,2
DA:61,2
DA:62,1
DA:63,1
DA:64,1
DA:65,1
DA:66,0
DA:67,0
DA:68,2
DA:69,2
DA:70,2
DA:71,2
DA:72,2
DA:73,2
DA:74,2
DA:75,2
DA:76,1
DA:77,1
DA:78,1
DA:79,1
DA:80,1
DA:81,1
DA:82,3
DA:83,3
DA:84,3
DA:85,1
DA:86,1
DA:87,1
DA:88,2
DA:89,2
DA:90,2
DA:91,2
DA:92,2
DA:93,2
DA:94,2
DA:95,2
DA:96,2
DA:97,2
DA:98,2
DA:99,2
DA:100,6
DA:101,6
DA:102,6
DA:103,2
DA:104,2
DA:105,2
DA:106,2
DA:107,2
DA:108,1
DA:109,1
LF:109
LH:107
BRDA:7,0,0,2
BRDA:23,1,0,2
BRDA:31,2,0,2
BRDA:40,3,0,2
BRDA:59,4,0,2
BRDA:61,5,0,1
BRDA:65,6,0,0
BRDA:75,7,0,1
BRDA:81,8,0,3
BRDA:94,9,0,2
BRDA:99,10,0,6
BRF:11
BRH:10
end_of_record
