TN:
SF:src/cartas-magic/card.ts
FNF:0
FNH:0
DA:1,1
DA:2,1
DA:3,1
DA:4,1
DA:5,1
DA:6,1
DA:7,1
DA:8,1
DA:9,1
DA:10,1
DA:11,1
DA:12,1
DA:13,1
DA:14,1
DA:15,1
DA:16,1
DA:17,1
DA:18,1
DA:19,1
DA:20,1
DA:21,1
DA:22,1
DA:23,1
DA:24,1
DA:25,1
DA:26,1
DA:27,1
DA:28,1
DA:29,1
DA:30,1
DA:31,1
DA:32,1
DA:33,1
DA:34,1
DA:35,1
DA:36,1
DA:37,1
DA:38,1
DA:39,1
DA:40,1
DA:41,1
DA:42,1
DA:43,1
LF:43
LH:43
BRDA:2,0,0,1
BRDA:12,1,0,1
BRDA:22,2,0,1
BRF:3
BRH:3
end_of_record
TN:
SF:src/cartas-magic/cardmanager.ts
FN:21,<instance_members_initializer>
FN:29,CardManager
FN:37,GetCards
FN:45,addCard
FN:57,removeCard
FN:70,listCards
FN:82,readSpecificCard
FN:98,updateCard
FN:117,PrintCardInfo
FNF:9
FNH:9
FNDA:9,<instance_members_initializer>
FNDA:9,CardManager
FNDA:3,GetCards
FNDA:2,addCard
FNDA:2,removeCard
FNDA:1,listCards
FNDA:4,readSpecificCard
FNDA:2,updateCard
FNDA:10,PrintCardInfo
DA:1,1
DA:2,1
DA:3,1
DA:4,1
DA:5,1
DA:6,1
DA:7,1
DA:8,1
DA:9,1
DA:10,1
DA:11,1
DA:12,1
DA:13,1
DA:14,1
DA:15,1
DA:16,1
DA:17,1
DA:18,1
DA:19,1
DA:20,1
DA:21,1
DA:22,9
DA:23,9
DA:24,9
DA:25,9
DA:26,9
DA:27,9
DA:28,9
DA:29,9
DA:30,9
DA:31,9
DA:32,9
DA:33,9
DA:34,9
DA:35,9
DA:36,9
DA:37,9
DA:38,3
DA:39,3
DA:40,9
DA:41,9
DA:42,9
DA:43,9
DA:44,9
DA:45,9
DA:46,2
DA:47,1
DA:48,1
DA:49,1
DA:50,1
DA:51,2
DA:52,9
DA:53,9
DA:54,9
DA:55,9
DA:56,9
DA:57,9
DA:58,2
DA:59,2
DA:60,2
DA:61,1
DA:62,1
DA:63,1
DA:64,1
DA:65,1
DA:66,9
DA:67,9
DA:68,9
DA:69,9
DA:70,9
DA:71,1
DA:72,1
DA:73,7
DA:74,7
DA:75,1
DA:76,1
DA:77,9
DA:78,9
DA:79,9
DA:80,9
DA:81,9
DA:82,9
DA:83,4
DA:84,4
DA:85,4
DA:86,1
DA:87,1
DA:88,3
DA:89,3
DA:90,3
DA:91,3
DA:92,9
DA:93,9
DA:94,9
DA:95,9
DA:96,9
DA:97,9
DA:98,9
DA:99,2
DA:100,2
DA:101,2
DA:102,1
DA:103,1
DA:104,1
DA:105,1
DA:106,1
DA:107,1
DA:108,1
DA:109,1
DA:110,1
DA:111,1
DA:112,1
DA:113,1
DA:114,2
DA:115,2
DA:116,9
DA:117,9
DA:118,10
DA:119,10
DA:120,10
DA:121,10
DA:122,10
DA:123,10
DA:124,4
DA:125,4
DA:126,10
DA:127,1
DA:128,1
DA:129,10
DA:130,1
DA:131,1
DA:132,10
DA:133,1
DA:134,1
DA:135,10
DA:136,1
DA:137,1
DA:138,10
DA:139,1
DA:140,1
DA:141,10
DA:142,1
DA:143,1
DA:144,10
DA:145,10
DA:146,10
DA:147,10
DA:148,10
DA:149,1
DA:150,1
DA:151,10
DA:152,3
DA:153,3
DA:154,10
DA:155,2
DA:156,2
DA:157,10
DA:158,1
DA:159,1
DA:160,10
DA:161,1
DA:162,1
DA:163,10
DA:164,1
DA:165,1
DA:166,10
DA:167,1
DA:168,1
DA:169,10
DA:170,10
DA:171,10
DA:172,10
DA:173,10
DA:174,5
DA:175,5
DA:176,10
DA:177,1
DA:178,1
DA:179,10
DA:180,2
DA:181,2
DA:182,10
DA:183,1
DA:184,1
DA:185,10
DA:186,1
DA:187,1
DA:188,10
DA:189,10
DA:190,10
DA:191,10
DA:192,10
DA:193,10
DA:194,10
DA:195,9
DA:196,9
LF:196
LH:196
BRDA:21,0,0,9
BRDA:29,1,0,9
BRDA:37,2,0,3
BRDA:45,3,0,2
BRDA:46,4,0,1
BRDA:46,5,0,8
BRDA:57,6,0,2
BRDA:60,7,0,1
BRDA:58,8,0,9
BRDA:70,9,0,1
BRDA:72,10,0,7
BRDA:82,11,0,4
BRDA:85,12,0,1
BRDA:88,13,0,3
BRDA:83,14,0,10
BRDA:98,15,0,2
BRDA:101,16,0,1
BRDA:99,17,0,8
BRDA:117,18,0,10
BRDA:123,19,0,4
BRDA:126,20,0,1
BRDA:129,21,0,1
BRDA:132,22,0,1
BRDA:135,23,0,1
BRDA:138,24,0,1
BRDA:141,25,0,1
BRDA:148,26,0,1
BRDA:151,27,0,3
BRDA:154,28,0,2
BRDA:157,29,0,1
BRDA:160,30,0,1
BRDA:163,31,0,1
BRDA:166,32,0,1
BRDA:173,33,0,5
BRDA:176,34,0,1
BRDA:179,35,0,2
BRDA:182,36,0,1
BRDA:185,37,0,1
BRDA:190,38,0,1
BRDA:191,39,0,9
BRF:40
BRH:40
end_of_record
TN:
SF:src/cartas-magic/functions.ts
FN:11,SaveCard
FN:23,LoadCards
FN:72,GetColorValue
FN:82,GetTimeLineValue
FN:92,GetRarityValue
FN:102,CreateCard
FNF:6
FNH:6
FNDA:1,SaveCard
FNDA:2,LoadCards
FNDA:4,GetColorValue
FNDA:4,GetTimeLineValue
FNDA:4,GetRarityValue
FNDA:3,CreateCard
DA:1,1
DA:2,1
DA:3,1
DA:4,1
DA:5,1
DA:6,1
DA:7,1
DA:8,1
DA:9,1
DA:10,1
DA:11,1
DA:12,1
DA:13,1
DA:14,1
DA:15,1
DA:16,1
DA:17,1
DA:18,1
DA:19,1
DA:20,1
DA:21,1
DA:22,1
DA:23,1
DA:24,2
DA:25,2
DA:26,2
DA:27,2
DA:28,2
DA:29,1
DA:30,1
DA:31,1
DA:32,2
DA:33,2
DA:34,2
DA:35,2
DA:36,2
DA:37,2
DA:38,1
DA:39,1
DA:40,1
DA:41,1
DA:42,1
DA:43,1
DA:44,1
DA:45,1
DA:46,1
DA:47,1
DA:48,1
DA:49,1
DA:50,2
DA:51,2
DA:52,2
DA:53,2
DA:54,2
DA:55,2
DA:56,2
DA:57,2
DA:58,2
DA:59,2
DA:60,1
DA:61,1
DA:62,1
DA:63,1
DA:64,1
DA:65,2
DA:66,1
DA:67,1
DA:68,1
DA:69,1
DA:70,1
DA:71,1
DA:72,1
DA:73,4
DA:74,4
DA:75,4
DA:76,1
DA:77,1
DA:78,1
DA:79,1
DA:80,1
DA:81,1
DA:82,1
DA:83,4
DA:84,4
DA:85,4
DA:86,1
DA:87,1
DA:88,1
DA:89,1
DA:90,1
DA:91,1
DA:92,1
DA:93,4
DA:94,4
DA:95,4
DA:96,1
DA:97,1
DA:98,1
DA:99,1
DA:100,1
DA:101,1
DA:102,1
DA:103,3
DA:104,3
DA:105,3
DA:106,3
DA:107,3
DA:108,3
DA:109,1
DA:110,1
DA:111,1
DA:112,1
DA:113,1
DA:114,1
DA:115,1
DA:116,1
DA:117,1
DA:118,1
DA:119,1
DA:120,1
DA:121,1
DA:122,1
DA:123,3
DA:124,1
DA:125,1
DA:126,1
DA:127,1
DA:128,1
DA:129,1
DA:130,1
DA:131,1
DA:132,1
DA:133,1
DA:134,1
DA:135,1
DA:136,1
DA:137,1
DA:138,1
DA:139,1
DA:140,1
DA:141,1
DA:142,1
DA:143,1
DA:144,1
DA:145,1
DA:146,1
DA:147,1
DA:148,1
DA:149,1
DA:150,1
DA:151,1
DA:152,1
DA:153,3
LF:153
LH:153
BRDA:11,0,0,1
BRDA:23,1,0,2
BRDA:28,2,0,1
BRDA:37,3,0,1
BRDA:49,4,0,2
BRDA:72,5,0,4
BRDA:82,6,0,4
BRDA:92,7,0,4
BRDA:102,8,0,3
BRDA:108,9,0,1
BRDA:123,10,0,2
BRDA:123,11,0,1
BRF:12
BRH:12
end_of_record
TN:
SF:src/ejercicio-PE101/mochila.ts
FN:7,<instance_members_initializer>
FN:23,setBeforeHook
FN:31,setAfterHook
FN:40,procesar
FN:59,leerArchivo
FN:75,parseCSV
FN:94,extraerDatos
FNF:7
FNH:7
FNDA:2,<instance_members_initializer>
FNDA:2,setBeforeHook
FNDA:2,setAfterHook
FNDA:2,procesar
FNDA:2,leerArchivo
FNDA:1,parseCSV
FNDA:2,extraerDatos
DA:1,1
DA:2,1
DA:3,1
DA:4,1
DA:5,1
DA:6,1
DA:7,1
DA:8,2
DA:9,2
DA:10,2
DA:11,2
DA:12,2
DA:13,2
DA:14,2
DA:15,2
DA:16,2
DA:17,2
DA:18,2
DA:19,2
DA:20,2
DA:21,2
DA:22,2
DA:23,2
DA:24,2
DA:25,2
DA:26,2
DA:27,2
DA:28,2
DA:29,2
DA:30,2
DA:31,2
DA:32,2
DA:33,2
DA:34,2
DA:35,2
DA:36,2
DA:37,2
DA:38,2
DA:39,2
DA:40,2
DA:41,2
DA:42,2
DA:43,2
DA:44,2
DA:45,2
DA:46,2
DA:47,2
DA:48,2
DA:49,2
DA:50,2
DA:51,2
DA:52,2
DA:53,2
DA:54,2
DA:55,2
DA:56,2
DA:57,2
DA:58,2
DA:59,2
DA:60,2
DA:61,2
DA:62,1
DA:63,1
DA:64,1
DA:65,1
DA:66,0
DA:67,0
DA:68,2
DA:69,2
DA:70,2
DA:71,2
DA:72,2
DA:73,2
DA:74,2
DA:75,2
DA:76,1
DA:77,1
DA:78,1
DA:79,1
DA:80,1
DA:81,1
DA:82,3
DA:83,3
DA:84,3
DA:85,1
DA:86,1
DA:87,1
DA:88,2
DA:89,2
DA:90,2
DA:91,2
DA:92,2
DA:93,2
DA:94,2
DA:95,2
DA:96,2
DA:97,2
DA:98,2
DA:99,2
DA:100,6
DA:101,6
DA:102,6
DA:103,2
DA:104,2
DA:105,2
DA:106,2
DA:107,2
DA:108,1
DA:109,1
LF:109
LH:107
BRDA:7,0,0,2
BRDA:23,1,0,2
BRDA:31,2,0,2
BRDA:40,3,0,2
BRDA:59,4,0,2
BRDA:61,5,0,1
BRDA:65,6,0,0
BRDA:75,7,0,1
BRDA:81,8,0,3
BRDA:94,9,0,2
BRDA:99,10,0,6
BRF:11
BRH:10
end_of_record
